# JRE version: OpenJDK Runtime Environment (8.0_242-b01) (build 1.8.0_242-release-1644-b01)
# Java VM: OpenJDK 64-Bit Server VM (25.242-b01 mixed mode windows-amd64 compressed oops)
Heap:
 PSYoungGen      total 236544K, used 204184K [0x00000000d5580000, 0x00000000e6080000, 0x0000000100000000)
  eden space 219648K, 85% used [0x00000000d5580000,0x00000000e0cdf1d0,0x00000000e2c00000)
  from space 16896K, 97% used [0x00000000e5000000,0x00000000e60071a0,0x00000000e6080000)
  to   space 20992K, 0% used [0x00000000e3780000,0x00000000e3780000,0x00000000e4c00000)
 ParOldGen       total 97792K, used 31448K [0x0000000080000000, 0x0000000085f80000, 0x00000000d5580000)
  object space 97792K, 32% used [0x0000000080000000,0x0000000081eb6210,0x0000000085f80000)
 Metaspace       used 74816K, capacity 79680K, committed 79768K, reserved 1118208K
  class space    used 10477K, capacity 11373K, committed 11440K, reserved 1048576K
GC Heap History (10 events):
Event: 8.164 GC heap before
{Heap before GC invocations=13 (full 2):
 PSYoungGen      total 151040K, used 139776K [0x00000000d5580000, 0x00000000df700000, 0x0000000100000000)
  eden space 139776K, 100% used [0x00000000d5580000,0x00000000dde00000,0x00000000dde00000)
  from space 11264K, 0% used [0x00000000dea00000,0x00000000dea00000,0x00000000df500000)
  to   space 12288K, 0% used [0x00000000dde00000,0x00000000dde00000,0x00000000dea00000)
 ParOldGen       total 61440K, used 16084K [0x0000000080000000, 0x0000000083c00000, 0x00000000d5580000)
  object space 61440K, 26% used [0x0000000080000000,0x0000000080fb5148,0x0000000083c00000)
 Metaspace       used 40587K, capacity 42488K, committed 42664K, reserved 1085440K
  class space    used 5582K, capacity 5990K, committed 6064K, reserved 1048576K
Event: 8.175 GC heap after
Heap after GC invocations=13 (full 2):
 PSYoungGen      total 152064K, used 11076K [0x00000000d5580000, 0x00000000e2500000, 0x0000000100000000)
  eden space 139776K, 0% used [0x00000000d5580000,0x00000000d5580000,0x00000000dde00000)
  from space 12288K, 90% used [0x00000000dde00000,0x00000000de8d1068,0x00000000dea00000)
  to   space 13312K, 0% used [0x00000000e1800000,0x00000000e1800000,0x00000000e2500000)
 ParOldGen       total 61440K, used 16092K [0x0000000080000000, 0x0000000083c00000, 0x00000000d5580000)
  object space 61440K, 26% used [0x0000000080000000,0x0000000080fb7148,0x0000000083c00000)
 Metaspace       used 40587K, capacity 42488K, committed 42664K, reserved 1085440K
  class space    used 5582K, capacity 5990K, committed 6064K, reserved 1048576K
}
Event: 10.482 GC heap before
{Heap before GC invocations=14 (full 2):
 PSYoungGen      total 152064K, used 150852K [0x00000000d5580000, 0x00000000e2500000, 0x0000000100000000)
  eden space 139776K, 100% used [0x00000000d5580000,0x00000000dde00000,0x00000000dde00000)
  from space 12288K, 90% used [0x00000000dde00000,0x00000000de8d1068,0x00000000dea00000)
  to   space 13312K, 0% used [0x00000000e1800000,0x00000000e1800000,0x00000000e2500000)
 ParOldGen       total 61440K, used 16092K [0x0000000080000000, 0x0000000083c00000, 0x00000000d5580000)
  object space 61440K, 26% used [0x0000000080000000,0x0000000080fb7148,0x0000000083c00000)
 Metaspace       used 53602K, capacity 55798K, committed 55848K, reserved 1097728K
  class space    used 7270K, capacity 7727K, committed 7728K, reserved 1048576K
Event: 10.513 GC heap after
Heap after GC invocations=14 (full 2):
 PSYoungGen      total 193536K, used 13308K [0x00000000d5580000, 0x00000000e2d80000, 0x0000000100000000)
  eden space 180224K, 0% used [0x00000000d5580000,0x00000000d5580000,0x00000000e0580000)
  from space 13312K, 99% used [0x00000000e1800000,0x00000000e24ff208,0x00000000e2500000)
  to   space 18944K, 0% used [0x00000000e0580000,0x00000000e0580000,0x00000000e1800000)
 ParOldGen       total 61440K, used 26490K [0x0000000080000000, 0x0000000083c00000, 0x00000000d5580000)
  object space 61440K, 43% used [0x0000000080000000,0x00000000819de8a0,0x0000000083c00000)
 Metaspace       used 53602K, capacity 55798K, committed 55848K, reserved 1097728K
  class space    used 7270K, capacity 7727K, committed 7728K, reserved 1048576K
}
Event: 11.353 GC heap before
{Heap before GC invocations=15 (full 2):
 PSYoungGen      total 193536K, used 54022K [0x00000000d5580000, 0x00000000e2d80000, 0x0000000100000000)
  eden space 180224K, 22% used [0x00000000d5580000,0x00000000d7d42858,0x00000000e0580000)
  from space 13312K, 99% used [0x00000000e1800000,0x00000000e24ff208,0x00000000e2500000)
  to   space 18944K, 0% used [0x00000000e0580000,0x00000000e0580000,0x00000000e1800000)
 ParOldGen       total 61440K, used 26490K [0x0000000080000000, 0x0000000083c00000, 0x00000000d5580000)
  object space 61440K, 43% used [0x0000000080000000,0x00000000819de8a0,0x0000000083c00000)
 Metaspace       used 56752K, capacity 59140K, committed 59160K, reserved 1099776K
  class space    used 7771K, capacity 8221K, committed 8240K, reserved 1048576K
Event: 11.375 GC heap after
Heap after GC invocations=15 (full 2):
 PSYoungGen      total 199168K, used 4369K [0x00000000d5580000, 0x00000000e6280000, 0x0000000100000000)
  eden space 180224K, 0% used [0x00000000d5580000,0x00000000d5580000,0x00000000e0580000)
  from space 18944K, 23% used [0x00000000e0580000,0x00000000e09c4740,0x00000000e1800000)
  to   space 18944K, 0% used [0x00000000e5000000,0x00000000e5000000,0x00000000e6280000)
 ParOldGen       total 61440K, used 36013K [0x0000000080000000, 0x0000000083c00000, 0x00000000d5580000)
  object space 61440K, 58% used [0x0000000080000000,0x000000008232b6e0,0x0000000083c00000)
 Metaspace       used 56752K, capacity 59140K, committed 59160K, reserved 1099776K
  class space    used 7771K, capacity 8221K, committed 8240K, reserved 1048576K
}
Event: 11.375 GC heap before
{Heap before GC invocations=16 (full 3):
 PSYoungGen      total 199168K, used 4369K [0x00000000d5580000, 0x00000000e6280000, 0x0000000100000000)
  eden space 180224K, 0% used [0x00000000d5580000,0x00000000d5580000,0x00000000e0580000)
  from space 18944K, 23% used [0x00000000e0580000,0x00000000e09c4740,0x00000000e1800000)
  to   space 18944K, 0% used [0x00000000e5000000,0x00000000e5000000,0x00000000e6280000)
 ParOldGen       total 61440K, used 36013K [0x0000000080000000, 0x0000000083c00000, 0x00000000d5580000)
  object space 61440K, 58% used [0x0000000080000000,0x000000008232b6e0,0x0000000083c00000)
 Metaspace       used 56752K, capacity 59140K, committed 59160K, reserved 1099776K
  class space    used 7771K, capacity 8221K, committed 8240K, reserved 1048576K
Event: 11.665 GC heap after
Heap after GC invocations=16 (full 3):
 PSYoungGen      total 199168K, used 0K [0x00000000d5580000, 0x00000000e6280000, 0x0000000100000000)
  eden space 180224K, 0% used [0x00000000d5580000,0x00000000d5580000,0x00000000e0580000)
  from space 18944K, 0% used [0x00000000e0580000,0x00000000e0580000,0x00000000e1800000)
  to   space 18944K, 0% used [0x00000000e5000000,0x00000000e5000000,0x00000000e6280000)
 ParOldGen       total 97792K, used 31440K [0x0000000080000000, 0x0000000085f80000, 0x00000000d5580000)
  object space 97792K, 32% used [0x0000000080000000,0x0000000081eb4210,0x0000000085f80000)
 Metaspace       used 56703K, capacity 58972K, committed 59160K, reserved 1099776K
  class space    used 7756K, capacity 8193K, committed 8240K, reserved 1048576K
}
Event: 15.373 GC heap before
{Heap before GC invocations=17 (full 3):
 PSYoungGen      total 199168K, used 180224K [0x00000000d5580000, 0x00000000e6280000, 0x0000000100000000)
  eden space 180224K, 100% used [0x00000000d5580000,0x00000000e0580000,0x00000000e0580000)
  from space 18944K, 0% used [0x00000000e0580000,0x00000000e0580000,0x00000000e1800000)
  to   space 18944K, 0% used [0x00000000e5000000,0x00000000e5000000,0x00000000e6280000)
 ParOldGen       total 97792K, used 31440K [0x0000000080000000, 0x0000000085f80000, 0x00000000d5580000)
  object space 97792K, 32% used [0x0000000080000000,0x0000000081eb4210,0x0000000085f80000)
 Metaspace       used 63572K, capacity 66734K, committed 66840K, reserved 1105920K
  class space    used 8784K, capacity 9416K, committed 9520K, reserved 1048576K
Event: 15.399 GC heap after
Heap after GC invocations=17 (full 3):
 PSYoungGen      total 236544K, used 16412K [0x00000000d5580000, 0x00000000e6080000, 0x0000000100000000)
  eden space 219648K, 0% used [0x00000000d5580000,0x00000000d5580000,0x00000000e2c00000)
  from space 16896K, 97% used [0x00000000e5000000,0x00000000e60071a0,0x00000000e6080000)
  to   space 20992K, 0% used [0x00000000e3780000,0x00000000e3780000,0x00000000e4c00000)
 ParOldGen       total 97792K, used 31448K [0x0000000080000000, 0x0000000085f80000, 0x00000000d5580000)
  object space 97792K, 32% used [0x0000000080000000,0x0000000081eb6210,0x0000000085f80000)
 Metaspace       used 63572K, capacity 66734K, committed 66840K, reserved 1105920K
  class space    used 8784K, capacity 9416K, committed 9520K, reserved 1048576K
}

