# JRE version: OpenJDK Runtime Environment (8.0_242-b01) (build 1.8.0_242-release-1644-b01)
# Java VM: OpenJDK 64-Bit Server VM (25.242-b01 mixed mode windows-amd64 compressed oops)
Heap:
 PSYoungGen      total 444416K, used 259795K [0x00000000d5580000, 0x00000000f3400000, 0x0000000100000000)
  eden space 411648K, 56% used [0x00000000d5580000,0x00000000e3786600,0x00000000ee780000)
  from space 32768K, 86% used [0x00000000f0b80000,0x00000000f272e778,0x00000000f2b80000)
  to   space 36864K, 0% used [0x00000000ee780000,0x00000000ee780000,0x00000000f0b80000)
 ParOldGen       total 146944K, used 49333K [0x0000000080000000, 0x0000000088f80000, 0x00000000d5580000)
  object space 146944K, 33% used [0x0000000080000000,0x000000008302d5e8,0x0000000088f80000)
 Metaspace       used 104789K, capacity 110092K, committed 111000K, reserved 1144832K
  class space    used 13838K, capacity 14929K, committed 15280K, reserved 1048576K
GC Heap History (10 events):
Event: 23.841 GC heap before
{Heap before GC invocations=16 (full 3):
 PSYoungGen      total 312320K, used 312134K [0x00000000d5580000, 0x00000000eb980000, 0x0000000100000000)
  eden space 294912K, 100% used [0x00000000d5580000,0x00000000e7580000,0x00000000e7580000)
  from space 17408K, 98% used [0x00000000ea880000,0x00000000eb951b20,0x00000000eb980000)
  to   space 24064K, 0% used [0x00000000e8a80000,0x00000000e8a80000,0x00000000ea200000)
 ParOldGen       total 101376K, used 37075K [0x0000000080000000, 0x0000000086300000, 0x00000000d5580000)
  object space 101376K, 36% used [0x0000000080000000,0x0000000082434fe8,0x0000000086300000)
 Metaspace       used 79051K, capacity 83388K, committed 83480K, reserved 1122304K
  class space    used 10788K, capacity 11552K, committed 11568K, reserved 1048576K
Event: 24.004 GC heap after
Heap after GC invocations=16 (full 3):
 PSYoungGen      total 340480K, used 24054K [0x00000000d5580000, 0x00000000ef800000, 0x0000000100000000)
  eden space 316416K, 0% used [0x00000000d5580000,0x00000000d5580000,0x00000000e8a80000)
  from space 24064K, 99% used [0x00000000e8a80000,0x00000000ea1fd8b0,0x00000000ea200000)
  to   space 33792K, 0% used [0x00000000ed700000,0x00000000ed700000,0x00000000ef800000)
 ParOldGen       total 101376K, used 53098K [0x0000000080000000, 0x0000000086300000, 0x00000000d5580000)
  object space 101376K, 52% used [0x0000000080000000,0x00000000833da9a0,0x0000000086300000)
 Metaspace       used 79051K, capacity 83388K, committed 83480K, reserved 1122304K
  class space    used 10788K, capacity 11552K, committed 11568K, reserved 1048576K
}
Event: 1367.580 GC heap before
{Heap before GC invocations=17 (full 3):
 PSYoungGen      total 340480K, used 340470K [0x00000000d5580000, 0x00000000ef800000, 0x0000000100000000)
  eden space 316416K, 100% used [0x00000000d5580000,0x00000000e8a80000,0x00000000e8a80000)
  from space 24064K, 99% used [0x00000000e8a80000,0x00000000ea1fd8b0,0x00000000ea200000)
  to   space 33792K, 0% used [0x00000000ed700000,0x00000000ed700000,0x00000000ef800000)
 ParOldGen       total 101376K, used 53098K [0x0000000080000000, 0x0000000086300000, 0x00000000d5580000)
  object space 101376K, 52% used [0x0000000080000000,0x00000000833da9a0,0x0000000086300000)
 Metaspace       used 90894K, capacity 96724K, committed 96792K, reserved 1132544K
  class space    used 12272K, capacity 13320K, committed 13360K, reserved 1048576K
Event: 1367.810 GC heap after
Heap after GC invocations=17 (full 3):
 PSYoungGen      total 395264K, used 17926K [0x00000000d5580000, 0x00000000f0480000, 0x0000000100000000)
  eden space 361472K, 0% used [0x00000000d5580000,0x00000000d5580000,0x00000000eb680000)
  from space 33792K, 53% used [0x00000000ed700000,0x00000000ee881950,0x00000000ef800000)
  to   space 33280K, 0% used [0x00000000eb680000,0x00000000eb680000,0x00000000ed700000)
 ParOldGen       total 101376K, used 71966K [0x0000000080000000, 0x0000000086300000, 0x00000000d5580000)
  object space 101376K, 70% used [0x0000000080000000,0x0000000084647a48,0x0000000086300000)
 Metaspace       used 90894K, capacity 96724K, committed 96792K, reserved 1132544K
  class space    used 12272K, capacity 13320K, committed 13360K, reserved 1048576K
}
Event: 1575.791 GC heap before
{Heap before GC invocations=18 (full 3):
 PSYoungGen      total 395264K, used 100352K [0x00000000d5580000, 0x00000000f0480000, 0x0000000100000000)
  eden space 361472K, 22% used [0x00000000d5580000,0x00000000da5fe950,0x00000000eb680000)
  from space 33792K, 53% used [0x00000000ed700000,0x00000000ee881950,0x00000000ef800000)
  to   space 33280K, 0% used [0x00000000eb680000,0x00000000eb680000,0x00000000ed700000)
 ParOldGen       total 101376K, used 71966K [0x0000000080000000, 0x0000000086300000, 0x00000000d5580000)
  object space 101376K, 70% used [0x0000000080000000,0x0000000084647a48,0x0000000086300000)
 Metaspace       used 92468K, capacity 98480K, committed 98584K, reserved 1134592K
  class space    used 12472K, capacity 13568K, committed 13616K, reserved 1048576K
Event: 1575.809 GC heap after
Heap after GC invocations=18 (full 3):
 PSYoungGen      total 394752K, used 5022K [0x00000000d5580000, 0x00000000f2b80000, 0x0000000100000000)
  eden space 361472K, 0% used [0x00000000d5580000,0x00000000d5580000,0x00000000eb680000)
  from space 33280K, 15% used [0x00000000eb680000,0x00000000ebb67ba8,0x00000000ed700000)
  to   space 32768K, 0% used [0x00000000f0b80000,0x00000000f0b80000,0x00000000f2b80000)
 ParOldGen       total 101376K, used 71974K [0x0000000080000000, 0x0000000086300000, 0x00000000d5580000)
  object space 101376K, 70% used [0x0000000080000000,0x0000000084649a48,0x0000000086300000)
 Metaspace       used 92468K, capacity 98480K, committed 98584K, reserved 1134592K
  class space    used 12472K, capacity 13568K, committed 13616K, reserved 1048576K
}
Event: 1575.809 GC heap before
{Heap before GC invocations=19 (full 4):
 PSYoungGen      total 394752K, used 5022K [0x00000000d5580000, 0x00000000f2b80000, 0x0000000100000000)
  eden space 361472K, 0% used [0x00000000d5580000,0x00000000d5580000,0x00000000eb680000)
  from space 33280K, 15% used [0x00000000eb680000,0x00000000ebb67ba8,0x00000000ed700000)
  to   space 32768K, 0% used [0x00000000f0b80000,0x00000000f0b80000,0x00000000f2b80000)
 ParOldGen       total 101376K, used 71974K [0x0000000080000000, 0x0000000086300000, 0x00000000d5580000)
  object space 101376K, 70% used [0x0000000080000000,0x0000000084649a48,0x0000000086300000)
 Metaspace       used 92468K, capacity 98480K, committed 98584K, reserved 1134592K
  class space    used 12472K, capacity 13568K, committed 13616K, reserved 1048576K
Event: 1576.376 GC heap after
Heap after GC invocations=19 (full 4):
 PSYoungGen      total 394752K, used 0K [0x00000000d5580000, 0x00000000f2b80000, 0x0000000100000000)
  eden space 361472K, 0% used [0x00000000d5580000,0x00000000d5580000,0x00000000eb680000)
  from space 33280K, 0% used [0x00000000eb680000,0x00000000eb680000,0x00000000ed700000)
  to   space 32768K, 0% used [0x00000000f0b80000,0x00000000f0b80000,0x00000000f2b80000)
 ParOldGen       total 146944K, used 49325K [0x0000000080000000, 0x0000000088f80000, 0x00000000d5580000)
  object space 146944K, 33% used [0x0000000080000000,0x000000008302b5e8,0x0000000088f80000)
 Metaspace       used 91492K, capacity 95892K, committed 98584K, reserved 1134592K
  class space    used 12135K, capacity 12976K, committed 13616K, reserved 1048576K
}
Event: 5264.803 GC heap before
{Heap before GC invocations=20 (full 4):
 PSYoungGen      total 394752K, used 361472K [0x00000000d5580000, 0x00000000f2b80000, 0x0000000100000000)
  eden space 361472K, 100% used [0x00000000d5580000,0x00000000eb680000,0x00000000eb680000)
  from space 33280K, 0% used [0x00000000eb680000,0x00000000eb680000,0x00000000ed700000)
  to   space 32768K, 0% used [0x00000000f0b80000,0x00000000f0b80000,0x00000000f2b80000)
 ParOldGen       total 146944K, used 49325K [0x0000000080000000, 0x0000000088f80000, 0x00000000d5580000)
  object space 146944K, 33% used [0x0000000080000000,0x000000008302b5e8,0x0000000088f80000)
 Metaspace       used 104275K, capacity 109554K, committed 110744K, reserved 1144832K
  class space    used 13818K, capacity 14896K, committed 15280K, reserved 1048576K
Event: 5266.346 GC heap after
Heap after GC invocations=20 (full 4):
 PSYoungGen      total 444416K, used 28345K [0x00000000d5580000, 0x00000000f3400000, 0x0000000100000000)
  eden space 411648K, 0% used [0x00000000d5580000,0x00000000d5580000,0x00000000ee780000)
  from space 32768K, 86% used [0x00000000f0b80000,0x00000000f272e778,0x00000000f2b80000)
  to   space 36864K, 0% used [0x00000000ee780000,0x00000000ee780000,0x00000000f0b80000)
 ParOldGen       total 146944K, used 49333K [0x0000000080000000, 0x0000000088f80000, 0x00000000d5580000)
  object space 146944K, 33% used [0x0000000080000000,0x000000008302d5e8,0x0000000088f80000)
 Metaspace       used 104275K, capacity 109554K, committed 110744K, reserved 1144832K
  class space    used 13818K, capacity 14896K, committed 15280K, reserved 1048576K
}

