# JRE version: OpenJDK Runtime Environment (8.0_242-b01) (build 1.8.0_242-release-1644-b01)
# Java VM: OpenJDK 64-Bit Server VM (25.242-b01 mixed mode windows-amd64 compressed oops)
Heap:
 PSYoungGen      total 278528K, used 54709K [0x00000000d5580000, 0x00000000eb180000, 0x0000000100000000)
  eden space 249344K, 10% used [0x00000000d5580000,0x00000000d6e6ee58,0x00000000e4900000)
  from space 29184K, 99% used [0x00000000e4900000,0x00000000e657e8b8,0x00000000e6580000)
  to   space 41472K, 0% used [0x00000000e8900000,0x00000000e8900000,0x00000000eb180000)
 ParOldGen       total 98304K, used 58643K [0x0000000080000000, 0x0000000086000000, 0x00000000d5580000)
  object space 98304K, 59% used [0x0000000080000000,0x0000000083944dc8,0x0000000086000000)
 Metaspace       used 89356K, capacity 94500K, committed 94744K, reserved 1130496K
  class space    used 11919K, capacity 12834K, committed 12848K, reserved 1048576K
GC Heap History (10 events):
Event: 11.003 GC heap before
{Heap before GC invocations=16 (full 3):
 PSYoungGen      total 196096K, used 3667K [0x00000000d5580000, 0x00000000e6080000, 0x0000000100000000)
  eden space 176640K, 0% used [0x00000000d5580000,0x00000000d5580000,0x00000000e0200000)
  from space 19456K, 18% used [0x00000000e0200000,0x00000000e0594e70,0x00000000e1500000)
  to   space 18944K, 0% used [0x00000000e4e00000,0x00000000e4e00000,0x00000000e6080000)
 ParOldGen       total 61952K, used 35866K [0x0000000080000000, 0x0000000083c80000, 0x00000000d5580000)
  object space 61952K, 57% used [0x0000000080000000,0x0000000082306ab8,0x0000000083c80000)
 Metaspace       used 56730K, capacity 59042K, committed 59160K, reserved 1099776K
  class space    used 7768K, capacity 8216K, committed 8240K, reserved 1048576K
Event: 11.302 GC heap after
Heap after GC invocations=16 (full 3):
 PSYoungGen      total 196096K, used 0K [0x00000000d5580000, 0x00000000e6080000, 0x0000000100000000)
  eden space 176640K, 0% used [0x00000000d5580000,0x00000000d5580000,0x00000000e0200000)
  from space 19456K, 0% used [0x00000000e0200000,0x00000000e0200000,0x00000000e1500000)
  to   space 18944K, 0% used [0x00000000e4e00000,0x00000000e4e00000,0x00000000e6080000)
 ParOldGen       total 98304K, used 30987K [0x0000000080000000, 0x0000000086000000, 0x00000000d5580000)
  object space 98304K, 31% used [0x0000000080000000,0x0000000081e42cc8,0x0000000086000000)
 Metaspace       used 56689K, capacity 58904K, committed 59160K, reserved 1099776K
  class space    used 7756K, capacity 8193K, committed 8240K, reserved 1048576K
}
Event: 15.754 GC heap before
{Heap before GC invocations=17 (full 3):
 PSYoungGen      total 196096K, used 176640K [0x00000000d5580000, 0x00000000e6080000, 0x0000000100000000)
  eden space 176640K, 100% used [0x00000000d5580000,0x00000000e0200000,0x00000000e0200000)
  from space 19456K, 0% used [0x00000000e0200000,0x00000000e0200000,0x00000000e1500000)
  to   space 18944K, 0% used [0x00000000e4e00000,0x00000000e4e00000,0x00000000e6080000)
 ParOldGen       total 98304K, used 30987K [0x0000000080000000, 0x0000000086000000, 0x00000000d5580000)
  object space 98304K, 31% used [0x0000000080000000,0x0000000081e42cc8,0x0000000086000000)
 Metaspace       used 64253K, capacity 67410K, committed 67608K, reserved 1107968K
  class space    used 8890K, capacity 9462K, committed 9520K, reserved 1048576K
Event: 15.778 GC heap after
Heap after GC invocations=17 (full 3):
 PSYoungGen      total 233472K, used 17576K [0x00000000d5580000, 0x00000000e5f80000, 0x0000000100000000)
  eden space 215552K, 0% used [0x00000000d5580000,0x00000000d5580000,0x00000000e2800000)
  from space 17920K, 98% used [0x00000000e4e00000,0x00000000e5f2a000,0x00000000e5f80000)
  to   space 21504K, 0% used [0x00000000e3580000,0x00000000e3580000,0x00000000e4a80000)
 ParOldGen       total 98304K, used 30995K [0x0000000080000000, 0x0000000086000000, 0x00000000d5580000)
  object space 98304K, 31% used [0x0000000080000000,0x0000000081e44cc8,0x0000000086000000)
 Metaspace       used 64253K, capacity 67410K, committed 67608K, reserved 1107968K
  class space    used 8890K, capacity 9462K, committed 9520K, reserved 1048576K
}
Event: 26.096 GC heap before
{Heap before GC invocations=18 (full 3):
 PSYoungGen      total 233472K, used 233128K [0x00000000d5580000, 0x00000000e5f80000, 0x0000000100000000)
  eden space 215552K, 100% used [0x00000000d5580000,0x00000000e2800000,0x00000000e2800000)
  from space 17920K, 98% used [0x00000000e4e00000,0x00000000e5f2a000,0x00000000e5f80000)
  to   space 21504K, 0% used [0x00000000e3580000,0x00000000e3580000,0x00000000e4a80000)
 ParOldGen       total 98304K, used 30995K [0x0000000080000000, 0x0000000086000000, 0x00000000d5580000)
  object space 98304K, 31% used [0x0000000080000000,0x0000000081e44cc8,0x0000000086000000)
 Metaspace       used 68597K, capacity 71928K, committed 72088K, reserved 1112064K
  class space    used 9409K, capacity 10053K, committed 10160K, reserved 1048576K
Event: 26.123 GC heap after
Heap after GC invocations=18 (full 3):
 PSYoungGen      total 250880K, used 15356K [0x00000000d5580000, 0x00000000e7b80000, 0x0000000100000000)
  eden space 229376K, 0% used [0x00000000d5580000,0x00000000d5580000,0x00000000e3580000)
  from space 21504K, 71% used [0x00000000e3580000,0x00000000e447f1e0,0x00000000e4a80000)
  to   space 22528K, 0% used [0x00000000e6580000,0x00000000e6580000,0x00000000e7b80000)
 ParOldGen       total 98304K, used 31003K [0x0000000080000000, 0x0000000086000000, 0x00000000d5580000)
  object space 98304K, 31% used [0x0000000080000000,0x0000000081e46cc8,0x0000000086000000)
 Metaspace       used 68597K, capacity 71928K, committed 72088K, reserved 1112064K
  class space    used 9409K, capacity 10053K, committed 10160K, reserved 1048576K
}
Event: 34.630 GC heap before
{Heap before GC invocations=19 (full 3):
 PSYoungGen      total 250880K, used 244732K [0x00000000d5580000, 0x00000000e7b80000, 0x0000000100000000)
  eden space 229376K, 100% used [0x00000000d5580000,0x00000000e3580000,0x00000000e3580000)
  from space 21504K, 71% used [0x00000000e3580000,0x00000000e447f1e0,0x00000000e4a80000)
  to   space 22528K, 0% used [0x00000000e6580000,0x00000000e6580000,0x00000000e7b80000)
 ParOldGen       total 98304K, used 31003K [0x0000000080000000, 0x0000000086000000, 0x00000000d5580000)
  object space 98304K, 31% used [0x0000000080000000,0x0000000081e46cc8,0x0000000086000000)
 Metaspace       used 76359K, capacity 80082K, committed 80408K, reserved 1118208K
  class space    used 10309K, capacity 10991K, committed 11056K, reserved 1048576K
Event: 34.710 GC heap after
Heap after GC invocations=19 (full 3):
 PSYoungGen      total 271872K, used 22526K [0x00000000d5580000, 0x00000000e9580000, 0x0000000100000000)
  eden space 249344K, 0% used [0x00000000d5580000,0x00000000d5580000,0x00000000e4900000)
  from space 22528K, 99% used [0x00000000e6580000,0x00000000e7b7f920,0x00000000e7b80000)
  to   space 29184K, 0% used [0x00000000e4900000,0x00000000e4900000,0x00000000e6580000)
 ParOldGen       total 98304K, used 38512K [0x0000000080000000, 0x0000000086000000, 0x00000000d5580000)
  object space 98304K, 39% used [0x0000000080000000,0x000000008259c3d0,0x0000000086000000)
 Metaspace       used 76359K, capacity 80082K, committed 80408K, reserved 1118208K
  class space    used 10309K, capacity 10991K, committed 11056K, reserved 1048576K
}
Event: 403.264 GC heap before
{Heap before GC invocations=20 (full 3):
 PSYoungGen      total 271872K, used 271870K [0x00000000d5580000, 0x00000000e9580000, 0x0000000100000000)
  eden space 249344K, 100% used [0x00000000d5580000,0x00000000e4900000,0x00000000e4900000)
  from space 22528K, 99% used [0x00000000e6580000,0x00000000e7b7f920,0x00000000e7b80000)
  to   space 29184K, 0% used [0x00000000e4900000,0x00000000e4900000,0x00000000e6580000)
 ParOldGen       total 98304K, used 38512K [0x0000000080000000, 0x0000000086000000, 0x00000000d5580000)
  object space 98304K, 39% used [0x0000000080000000,0x000000008259c3d0,0x0000000086000000)
 Metaspace       used 87988K, capacity 93000K, committed 93080K, reserved 1130496K
  class space    used 11744K, capacity 12656K, committed 12720K, reserved 1048576K
Event: 403.604 GC heap after
Heap after GC invocations=20 (full 3):
 PSYoungGen      total 278528K, used 29178K [0x00000000d5580000, 0x00000000eb180000, 0x0000000100000000)
  eden space 249344K, 0% used [0x00000000d5580000,0x00000000d5580000,0x00000000e4900000)
  from space 29184K, 99% used [0x00000000e4900000,0x00000000e657e8b8,0x00000000e6580000)
  to   space 41472K, 0% used [0x00000000e8900000,0x00000000e8900000,0x00000000eb180000)
 ParOldGen       total 98304K, used 58643K [0x0000000080000000, 0x0000000086000000, 0x00000000d5580000)
  object space 98304K, 59% used [0x0000000080000000,0x0000000083944dc8,0x0000000086000000)
 Metaspace       used 87988K, capacity 93000K, committed 93080K, reserved 1130496K
  class space    used 11744K, capacity 12656K, committed 12720K, reserved 1048576K
}

