# JRE version: OpenJDK Runtime Environment (8.0_242-b01) (build 1.8.0_242-release-1644-b01)
# Java VM: OpenJDK 64-Bit Server VM (25.242-b01 mixed mode windows-amd64 compressed oops)
Heap:
 PSYoungGen      total 230400K, used 165288K [0x00000000d5580000, 0x00000000e5680000, 0x0000000100000000)
  eden space 211968K, 69% used [0x00000000d5580000,0x00000000de54d078,0x00000000e2480000)
  from space 18432K, 97% used [0x00000000e4480000,0x00000000e561d360,0x00000000e5680000)
  to   space 22016K, 0% used [0x00000000e2b80000,0x00000000e2b80000,0x00000000e4100000)
 ParOldGen       total 100864K, used 30829K [0x0000000080000000, 0x0000000086280000, 0x00000000d5580000)
  object space 100864K, 30% used [0x0000000080000000,0x0000000081e1b740,0x0000000086280000)
 Metaspace       used 65615K, capacity 68842K, committed 69144K, reserved 1107968K
  class space    used 9022K, capacity 9662K, committed 9776K, reserved 1048576K
GC Heap History (10 events):
Event: 9.124 GC heap before
{Heap before GC invocations=13 (full 2):
 PSYoungGen      total 148992K, used 137728K [0x00000000d5580000, 0x00000000df480000, 0x0000000100000000)
  eden space 137728K, 100% used [0x00000000d5580000,0x00000000ddc00000,0x00000000ddc00000)
  from space 11264K, 0% used [0x00000000de800000,0x00000000de800000,0x00000000df300000)
  to   space 12288K, 0% used [0x00000000ddc00000,0x00000000ddc00000,0x00000000de800000)
 ParOldGen       total 63488K, used 15994K [0x0000000080000000, 0x0000000083e00000, 0x00000000d5580000)
  object space 63488K, 25% used [0x0000000080000000,0x0000000080f9eb40,0x0000000083e00000)
 Metaspace       used 41227K, capacity 43024K, committed 43176K, reserved 1087488K
  class space    used 5652K, capacity 6026K, committed 6064K, reserved 1048576K
Event: 9.135 GC heap after
Heap after GC invocations=13 (full 2):
 PSYoungGen      total 150016K, used 11638K [0x00000000d5580000, 0x00000000e2000000, 0x0000000100000000)
  eden space 137728K, 0% used [0x00000000d5580000,0x00000000d5580000,0x00000000ddc00000)
  from space 12288K, 94% used [0x00000000ddc00000,0x00000000de75dad0,0x00000000de800000)
  to   space 13824K, 0% used [0x00000000e1280000,0x00000000e1280000,0x00000000e2000000)
 ParOldGen       total 63488K, used 16002K [0x0000000080000000, 0x0000000083e00000, 0x00000000d5580000)
  object space 63488K, 25% used [0x0000000080000000,0x0000000080fa0b40,0x0000000083e00000)
 Metaspace       used 41227K, capacity 43024K, committed 43176K, reserved 1087488K
  class space    used 5652K, capacity 6026K, committed 6064K, reserved 1048576K
}
Event: 12.022 GC heap before
{Heap before GC invocations=14 (full 2):
 PSYoungGen      total 150016K, used 149366K [0x00000000d5580000, 0x00000000e2000000, 0x0000000100000000)
  eden space 137728K, 100% used [0x00000000d5580000,0x00000000ddc00000,0x00000000ddc00000)
  from space 12288K, 94% used [0x00000000ddc00000,0x00000000de75dad0,0x00000000de800000)
  to   space 13824K, 0% used [0x00000000e1280000,0x00000000e1280000,0x00000000e2000000)
 ParOldGen       total 63488K, used 16002K [0x0000000080000000, 0x0000000083e00000, 0x00000000d5580000)
  object space 63488K, 25% used [0x0000000080000000,0x0000000080fa0b40,0x0000000083e00000)
 Metaspace       used 54008K, capacity 56298K, committed 56488K, reserved 1097728K
  class space    used 7351K, capacity 7829K, committed 7856K, reserved 1048576K
Event: 12.057 GC heap after
Heap after GC invocations=14 (full 2):
 PSYoungGen      total 187904K, used 13818K [0x00000000d5580000, 0x00000000e2880000, 0x0000000100000000)
  eden space 174080K, 0% used [0x00000000d5580000,0x00000000d5580000,0x00000000dff80000)
  from space 13824K, 99% used [0x00000000e1280000,0x00000000e1ffe9a8,0x00000000e2000000)
  to   space 19456K, 0% used [0x00000000dff80000,0x00000000dff80000,0x00000000e1280000)
 ParOldGen       total 63488K, used 26131K [0x0000000080000000, 0x0000000083e00000, 0x00000000d5580000)
  object space 63488K, 41% used [0x0000000080000000,0x0000000081984c20,0x0000000083e00000)
 Metaspace       used 54008K, capacity 56298K, committed 56488K, reserved 1097728K
  class space    used 7351K, capacity 7829K, committed 7856K, reserved 1048576K
}
Event: 12.774 GC heap before
{Heap before GC invocations=15 (full 2):
 PSYoungGen      total 187904K, used 48523K [0x00000000d5580000, 0x00000000e2880000, 0x0000000100000000)
  eden space 174080K, 19% used [0x00000000d5580000,0x00000000d7764358,0x00000000dff80000)
  from space 13824K, 99% used [0x00000000e1280000,0x00000000e1ffe9a8,0x00000000e2000000)
  to   space 19456K, 0% used [0x00000000dff80000,0x00000000dff80000,0x00000000e1280000)
 ParOldGen       total 63488K, used 26131K [0x0000000080000000, 0x0000000083e00000, 0x00000000d5580000)
  object space 63488K, 41% used [0x0000000080000000,0x0000000081984c20,0x0000000083e00000)
 Metaspace       used 56474K, capacity 58926K, committed 59160K, reserved 1099776K
  class space    used 7741K, capacity 8218K, committed 8240K, reserved 1048576K
Event: 12.792 GC heap after
Heap after GC invocations=15 (full 2):
 PSYoungGen      total 193536K, used 3426K [0x00000000d5580000, 0x00000000e5700000, 0x0000000100000000)
  eden space 174080K, 0% used [0x00000000d5580000,0x00000000d5580000,0x00000000dff80000)
  from space 19456K, 17% used [0x00000000dff80000,0x00000000e02d8910,0x00000000e1280000)
  to   space 18944K, 0% used [0x00000000e4480000,0x00000000e4480000,0x00000000e5700000)
 ParOldGen       total 63488K, used 35873K [0x0000000080000000, 0x0000000083e00000, 0x00000000d5580000)
  object space 63488K, 56% used [0x0000000080000000,0x0000000082308758,0x0000000083e00000)
 Metaspace       used 56474K, capacity 58926K, committed 59160K, reserved 1099776K
  class space    used 7741K, capacity 8218K, committed 8240K, reserved 1048576K
}
Event: 12.792 GC heap before
{Heap before GC invocations=16 (full 3):
 PSYoungGen      total 193536K, used 3426K [0x00000000d5580000, 0x00000000e5700000, 0x0000000100000000)
  eden space 174080K, 0% used [0x00000000d5580000,0x00000000d5580000,0x00000000dff80000)
  from space 19456K, 17% used [0x00000000dff80000,0x00000000e02d8910,0x00000000e1280000)
  to   space 18944K, 0% used [0x00000000e4480000,0x00000000e4480000,0x00000000e5700000)
 ParOldGen       total 63488K, used 35873K [0x0000000080000000, 0x0000000083e00000, 0x00000000d5580000)
  object space 63488K, 56% used [0x0000000080000000,0x0000000082308758,0x0000000083e00000)
 Metaspace       used 56474K, capacity 58926K, committed 59160K, reserved 1099776K
  class space    used 7741K, capacity 8218K, committed 8240K, reserved 1048576K
Event: 13.057 GC heap after
Heap after GC invocations=16 (full 3):
 PSYoungGen      total 193536K, used 0K [0x00000000d5580000, 0x00000000e5700000, 0x0000000100000000)
  eden space 174080K, 0% used [0x00000000d5580000,0x00000000d5580000,0x00000000dff80000)
  from space 19456K, 0% used [0x00000000dff80000,0x00000000dff80000,0x00000000e1280000)
  to   space 18944K, 0% used [0x00000000e4480000,0x00000000e4480000,0x00000000e5700000)
 ParOldGen       total 100864K, used 30821K [0x0000000080000000, 0x0000000086280000, 0x00000000d5580000)
  object space 100864K, 30% used [0x0000000080000000,0x0000000081e19740,0x0000000086280000)
 Metaspace       used 56430K, capacity 58776K, committed 59160K, reserved 1099776K
  class space    used 7727K, capacity 8193K, committed 8240K, reserved 1048576K
}
Event: 17.213 GC heap before
{Heap before GC invocations=17 (full 3):
 PSYoungGen      total 193536K, used 174080K [0x00000000d5580000, 0x00000000e5700000, 0x0000000100000000)
  eden space 174080K, 100% used [0x00000000d5580000,0x00000000dff80000,0x00000000dff80000)
  from space 19456K, 0% used [0x00000000dff80000,0x00000000dff80000,0x00000000e1280000)
  to   space 18944K, 0% used [0x00000000e4480000,0x00000000e4480000,0x00000000e5700000)
 ParOldGen       total 100864K, used 30821K [0x0000000080000000, 0x0000000086280000, 0x00000000d5580000)
  object space 100864K, 30% used [0x0000000080000000,0x0000000081e19740,0x0000000086280000)
 Metaspace       used 64252K, capacity 67478K, committed 67608K, reserved 1107968K
  class space    used 8889K, capacity 9486K, committed 9520K, reserved 1048576K
Event: 17.237 GC heap after
Heap after GC invocations=17 (full 3):
 PSYoungGen      total 230400K, used 18036K [0x00000000d5580000, 0x00000000e5680000, 0x0000000100000000)
  eden space 211968K, 0% used [0x00000000d5580000,0x00000000d5580000,0x00000000e2480000)
  from space 18432K, 97% used [0x00000000e4480000,0x00000000e561d360,0x00000000e5680000)
  to   space 22016K, 0% used [0x00000000e2b80000,0x00000000e2b80000,0x00000000e4100000)
 ParOldGen       total 100864K, used 30829K [0x0000000080000000, 0x0000000086280000, 0x00000000d5580000)
  object space 100864K, 30% used [0x0000000080000000,0x0000000081e1b740,0x0000000086280000)
 Metaspace       used 64252K, capacity 67478K, committed 67608K, reserved 1107968K
  class space    used 8889K, capacity 9486K, committed 9520K, reserved 1048576K
}

